D:\WINDOWS-CHEWING\ONLINEUPDATE\DEBUG\ONLINEUPDATE.OBJ
D:\WINDOWS-CHEWING\ONLINEUPDATE\DEBUG\VC110.PDB
D:\WINDOWS-CHEWING\ONLINEUPDATE\DEBUG\UPDATE.ILK
D:\WINDOWS-CHEWING\ONLINEUPDATE\DEBUG\UPDATE.EXE
D:\WINDOWS-CHEWING\ONLINEUPDATE\DEBUG\ONLINEUPDATE.PDB
D:\WINDOWS-CHEWING\ONLINEUPDATE\DEBUG\ONLINEUPDATE.RES
D:\WINDOWS-CHEWING\ONLINEUPDATE\DEBUG\ONLINEUPDATE.EXE.EMBED.MANIFEST.RES
D:\windows-chewing\OnlineUpdate\Debug\OnlineUpdate.obj
D:\windows-chewing\OnlineUpdate\Debug\Update.ilk
D:\windows-chewing\OnlineUpdate\Debug\cl.command.1.tlog
D:\windows-chewing\OnlineUpdate\Debug\CL.read.1.tlog
D:\windows-chewing\OnlineUpdate\Debug\CL.write.1.tlog
D:\windows-chewing\OnlineUpdate\Debug\link-cvtres.read.1.tlog
D:\windows-chewing\OnlineUpdate\Debug\link-cvtres.write.1.tlog
D:\windows-chewing\OnlineUpdate\Debug\link-mt.read.1.tlog
D:\windows-chewing\OnlineUpdate\Debug\link-mt.write.1.tlog
D:\windows-chewing\OnlineUpdate\Debug\link-rc.read.1.tlog
D:\windows-chewing\OnlineUpdate\Debug\link-rc.write.1.tlog
D:\windows-chewing\OnlineUpdate\Debug\link.command.1.tlog
D:\windows-chewing\OnlineUpdate\Debug\link.read.1.tlog
D:\windows-chewing\OnlineUpdate\Debug\link.write.1.tlog
D:\windows-chewing\OnlineUpdate\Debug\rc.command.1.tlog
D:\windows-chewing\OnlineUpdate\Debug\rc.read.1.tlog
D:\windows-chewing\OnlineUpdate\Debug\rc.write.1.tlog
D:\windows-chewing\OnlineUpdate\Debug\OnlineUpdate.exe.embed.manifest
D:\windows-chewing\OnlineUpdate\Debug\OnlineUpdate.exe.embed.manifest.res
D:\windows-chewing\OnlineUpdate\Debug\OnlineUpdate.res
D:\windows-chewing\OnlineUpdate\Debug\vc110.idb
D:\windows-chewing\OnlineUpdate\Debug\OnlineUpdate.pdb
D:\windows-chewing\OnlineUpdate\Debug\vc110.pdb
D:\windows-chewing\OnlineUpdate\Debug\OnlineUpdate_manifest.rc
